<?xml version="1.0" encoding="UTF-8"?>
<!-- Generated by org.testng.reporters.JUnitXMLReporter -->
<testsuite ignored="0" hostname="DESKTOP-T50I4UU" failures="0" tests="3" name="Default test" time="37.201" errors="0" timestamp="31 Oct 2024 06:28:20 GMT">
  <testcase classname="com.qa.testcases.TestCase1" name="loginIntoSwagLabPortal" time="0.799"/>
  <testcase classname="com.qa.testcases.TestCase1" name="loginPageLogoTest" time="0.791"/>
  <testcase classname="com.qa.testcases.TestCase1" name="loginPageTitle" time="0.012"/>
</testsuite> <!-- Default test -->
